0 info it worked if it ends with ok
1 verbose cli [ '/usr/bin/node', '/usr/bin/npm', 'update', '-g', 'bower' ]
2 info using npm@1.4.28
3 info using node@v0.10.32
4 verbose node symlink /usr/bin/node
5 verbose request where is /bower
6 verbose request registry https://registry.npmjs.org/
7 verbose request id ab61337b30469ba6
8 verbose url raw /bower
9 verbose url resolving [ 'https://registry.npmjs.org/', './bower' ]
10 verbose url resolved https://registry.npmjs.org/bower
11 verbose request where is https://registry.npmjs.org/bower
12 info trying registry request attempt 1 at 14:48:54
13 verbose etag "2EU0CJK6M11Y2NPCMASEP9VCN"
14 http GET https://registry.npmjs.org/bower
15 http 200 https://registry.npmjs.org/bower
16 silly registry.get cb [ 200,
16 silly registry.get   { date: 'Tue, 07 Apr 2015 09:19:14 GMT',
16 silly registry.get     server: 'CouchDB/1.5.0 (Erlang OTP/R16B03)',
16 silly registry.get     etag: '"BXLVC6YFMAF1Y3BI9XE5HNI2Y"',
16 silly registry.get     'content-type': 'application/json',
16 silly registry.get     'cache-control': 'max-age=60',
16 silly registry.get     'content-length': '111531',
16 silly registry.get     'accept-ranges': 'bytes',
16 silly registry.get     via: '1.1 varnish',
16 silly registry.get     age: '45',
16 silly registry.get     'x-served-by': 'cache-iad2124-IAD',
16 silly registry.get     'x-cache': 'HIT',
16 silly registry.get     'x-cache-hits': '2',
16 silly registry.get     'x-timer': 'S1428398354.370253,VS0,VE0',
16 silly registry.get     vary: 'Accept',
16 silly registry.get     'keep-alive': 'timeout=10, max=50',
16 silly registry.get     connection: 'Keep-Alive' } ]
17 info outdated updating [ [ '/usr/lib', 'bower', '1.3.12', '1.4.1', '1.4.1', 'latest' ] ]
18 verbose install where,what [ '/usr/lib', [ 'bower@1.4.1' ] ]
19 verbose cache add [ 'bower@1.4.1', null ]
20 verbose cache add name=undefined spec="bower@1.4.1" args=["bower@1.4.1",null]
21 verbose parsed url { protocol: null,
21 verbose parsed url   slashes: null,
21 verbose parsed url   auth: null,
21 verbose parsed url   host: null,
21 verbose parsed url   port: null,
21 verbose parsed url   hostname: null,
21 verbose parsed url   hash: null,
21 verbose parsed url   search: null,
21 verbose parsed url   query: null,
21 verbose parsed url   pathname: 'bower@1.4.1',
21 verbose parsed url   path: 'bower@1.4.1',
21 verbose parsed url   href: 'bower@1.4.1' }
22 verbose cache add name="bower" spec="1.4.1" args=["bower","1.4.1"]
23 verbose parsed url { protocol: null,
23 verbose parsed url   slashes: null,
23 verbose parsed url   auth: null,
23 verbose parsed url   host: null,
23 verbose parsed url   port: null,
23 verbose parsed url   hostname: null,
23 verbose parsed url   hash: null,
23 verbose parsed url   search: null,
23 verbose parsed url   query: null,
23 verbose parsed url   pathname: '1.4.1',
23 verbose parsed url   path: '1.4.1',
23 verbose parsed url   href: '1.4.1' }
24 verbose addNamed [ 'bower', '1.4.1' ]
25 verbose addNamed [ '1.4.1', '1.4.1' ]
26 silly lockFile 185f46c0-bower-1-4-1 bower@1.4.1
27 verbose lock bower@1.4.1 /home/nikita/.npm/185f46c0-bower-1-4-1.lock
28 verbose registry.get https://registry.npmjs.org/bower not expired, no request
29 silly lockFile 04dcb06b--npmjs-org-bower-bower-1-4-1-tgz https://registry.npmjs.org/bower/-/bower-1.4.1.tgz
30 verbose lock https://registry.npmjs.org/bower/-/bower-1.4.1.tgz /home/nikita/.npm/04dcb06b--npmjs-org-bower-bower-1-4-1-tgz.lock
31 verbose addRemoteTarball [ 'https://registry.npmjs.org/bower/-/bower-1.4.1.tgz',
31 verbose addRemoteTarball   'a18be39d030792754f30f1c5b32d37b0156ba8dd' ]
32 info retry fetch attempt 1 at 14:49:03
33 verbose fetch to= /tmp/npm-9749-h1pKEqWO/registry.npmjs.org/bower/-/bower-1.4.1.tgz
34 http GET https://registry.npmjs.org/bower/-/bower-1.4.1.tgz
35 http 200 https://registry.npmjs.org/bower/-/bower-1.4.1.tgz
36 silly lockFile 04dcb06b--npmjs-org-bower-bower-1-4-1-tgz https://registry.npmjs.org/bower/-/bower-1.4.1.tgz
37 silly lockFile 04dcb06b--npmjs-org-bower-bower-1-4-1-tgz https://registry.npmjs.org/bower/-/bower-1.4.1.tgz
38 silly lockFile 185f46c0-bower-1-4-1 bower@1.4.1
39 silly lockFile 185f46c0-bower-1-4-1 bower@1.4.1
40 error Error: EACCES, mkdir '/home/nikita/.npm/bower/1.4.1'
40 error  { [Error: EACCES, mkdir '/home/nikita/.npm/bower/1.4.1']
40 error   errno: 3,
40 error   code: 'EACCES',
40 error   path: '/home/nikita/.npm/bower/1.4.1' }
41 error Please try running this command again as root/Administrator.
42 error System Linux 3.13.0-35-generic
43 error command "/usr/bin/node" "/usr/bin/npm" "update" "-g" "bower"
44 error cwd /home/nikita/ShareUrFindings/client
45 error node -v v0.10.32
46 error npm -v 1.4.28
47 error path /home/nikita/.npm/bower/1.4.1
48 error code EACCES
49 error errno 3
50 error stack Error: EACCES, mkdir '/home/nikita/.npm/bower/1.4.1'
51 verbose exit [ 3, true ]
